<?xml version="1.0" encoding="UTF-8"?>
<testsuite name="de.sswis.model.HistoryTest" tests="4" skipped="0" failures="0" errors="0" timestamp="2019-01-31T20:20:53" hostname="sophie-Aspire-5830TG" time="0.013">
  <properties/>
  <testcase name="groupCooperatedEveryTimeTest" classname="de.sswis.model.HistoryTest" time="0.011"/>
  <testcase name="cooperatedEveryTimeTest" classname="de.sswis.model.HistoryTest" time="0.0"/>
  <testcase name="cooperatedLastTimeTest" classname="de.sswis.model.HistoryTest" time="0.0"/>
  <testcase name="groupCooperatedLastTimeTest" classname="de.sswis.model.HistoryTest" time="0.001"/>
  <system-out><![CDATA[]]></system-out>
  <system-err><![CDATA[]]></system-err>
</testsuite>
