<?xml version="1.0" encoding="UTF-8"?>
<testsuite name="de.sswis.model.algorithms.adaptation.ReplicatorDynamicRankTest" tests="2" skipped="0" failures="0" errors="0" timestamp="2019-01-31T20:20:53" hostname="sophie-Aspire-5830TG" time="0.029">
  <properties/>
  <testcase name="adaptTest1" classname="de.sswis.model.algorithms.adaptation.ReplicatorDynamicRankTest" time="0.027"/>
  <testcase name="adaptTest2" classname="de.sswis.model.algorithms.adaptation.ReplicatorDynamicRankTest" time="0.002"/>
  <system-out><![CDATA[]]></system-out>
  <system-err><![CDATA[]]></system-err>
</testsuite>
