<?xml version="1.0" encoding="UTF-8"?>
<testsuite name="de.sswis.model.MixedStrategyTest" tests="3" skipped="0" failures="0" errors="0" timestamp="2019-01-31T20:20:53" hostname="sophie-Aspire-5830TG" time="0.019">
  <properties/>
  <testcase name="calculateActionTest1" classname="de.sswis.model.MixedStrategyTest" time="0.017"/>
  <testcase name="calculateActionTest2" classname="de.sswis.model.MixedStrategyTest" time="0.001"/>
  <testcase name="calculateActionTest3" classname="de.sswis.model.MixedStrategyTest" time="0.0"/>
  <system-out><![CDATA[]]></system-out>
  <system-err><![CDATA[]]></system-err>
</testsuite>
