<?xml version="1.0" encoding="UTF-8"?>
<testsuite name="de.sswis.model.algorithms.ranking.ScoreTest" tests="1" skipped="0" failures="0" errors="0" timestamp="2019-01-31T20:20:54" hostname="sophie-Aspire-5830TG" time="0.003">
  <properties/>
  <testcase name="getRankingsTest" classname="de.sswis.model.algorithms.ranking.ScoreTest" time="0.003"/>
  <system-out><![CDATA[]]></system-out>
  <system-err><![CDATA[]]></system-err>
</testsuite>
